<?xml version="1.0" encoding="UTF-8"?>
<!-- Generated by org.testng.reporters.JUnitXMLReporter -->
<testsuite ignored="0" hostname="DESKTOP-ACARL6V" failures="0" tests="3" name="Surefire test" time="125.711" errors="0" timestamp="2020-01-08T11:24:16 IST">
  <testcase classname="com.herokuapp.theinternet.NegativeTests" name="incorrectpasswordtest" time="46.957"/>
  <testcase classname="com.herokuapp.theinternet.NegativeTests" name="incorrectusernametest" time="39.09"/>
  <testcase classname="com.herokuapp.theinternet.PositiveTests" name="loginTest" time="39.565"/>
</testsuite> <!-- Surefire test -->
