<?xml version="1.0" encoding="UTF-8"?>
<!-- Generated by org.testng.reporters.JUnitXMLReporter -->
<testsuite ignored="0" hostname="DESKTOP-ACARL6V" failures="0" tests="3" name="Default test" time="115.944" errors="0" timestamp="2020-10-02T10:17:08 IST">
  <testcase classname="com.herokuapp.theinternet.NegativeTests" name="incorrectpasswordtest" time="41.665"/>
  <testcase classname="com.herokuapp.theinternet.NegativeTests" name="incorrectusernametest" time="34.186"/>
  <testcase classname="com.herokuapp.theinternet.PositiveTests" name="loginTest" time="40.013"/>
</testsuite> <!-- Default test -->
