<?xml version="1.0" encoding="UTF-8"?>
<testng-results ignored="0" total="3" passed="3" failed="0" skipped="0">
  <reporter-output>
  </reporter-output>
  <suite started-at="2020-01-08T11:22:10 IST" name="Surefire suite" finished-at="2020-01-08T11:24:16 IST" duration-ms="125711">
    <groups>
    </groups>
    <test started-at="2020-01-08T11:22:10 IST" name="Surefire test" finished-at="2020-01-08T11:24:16 IST" duration-ms="125711">
      <class name="com.herokuapp.theinternet.NegativeTests">
        <test-method signature="incorrectpasswordtest()[pri:0, instance:com.herokuapp.theinternet.NegativeTests@61ca2dfa]" started-at="2020-01-08T11:22:10 IST" name="incorrectpasswordtest" finished-at="2020-01-08T11:22:57 IST" duration-ms="46957" status="PASS">
          <reporter-output>
          </reporter-output>
        </test-method> <!-- incorrectpasswordtest -->
        <test-method signature="incorrectusernametest()[pri:0, instance:com.herokuapp.theinternet.NegativeTests@61ca2dfa]" started-at="2020-01-08T11:22:57 IST" name="incorrectusernametest" finished-at="2020-01-08T11:23:36 IST" duration-ms="39090" status="PASS">
          <reporter-output>
          </reporter-output>
        </test-method> <!-- incorrectusernametest -->
      </class> <!-- com.herokuapp.theinternet.NegativeTests -->
      <class name="com.herokuapp.theinternet.PositiveTests">
        <test-method signature="loginTest()[pri:0, instance:com.herokuapp.theinternet.PositiveTests@4b53f538]" started-at="2020-01-08T11:23:36 IST" name="loginTest" finished-at="2020-01-08T11:24:16 IST" duration-ms="39565" status="PASS">
          <reporter-output>
          </reporter-output>
        </test-method> <!-- loginTest -->
      </class> <!-- com.herokuapp.theinternet.PositiveTests -->
    </test> <!-- Surefire test -->
  </suite> <!-- Surefire suite -->
</testng-results>
