<?xml version="1.0" encoding="UTF-8"?>
<testsuite xmlns:xsi="http://www.w3.org/2001/XMLSchema-instance" xsi:noNamespaceSchemaLocation="https://maven.apache.org/surefire/maven-surefire-plugin/xsd/surefire-test-report-3.0.xsd" version="3.0" name="TestSuite" time="127.998" tests="3" errors="0" skipped="0" failures="0">
  <properties>
[...]
</properties>
  <testcase name="incorrectpasswordtest" classname="com.herokuapp.theinternet.NegativeTests" time="46.966"/>
  <testcase name="incorrectusernametest" classname="com.herokuapp.theinternet.NegativeTests" time="39.085"/>
  <testcase name="loginTest" classname="com.herokuapp.theinternet.PositiveTests" time="39.565"/>
</testsuite>